2022-07-26 08:57:54.289  INFO [PensionerDetailService,,] 8464 --- [restartedMain] p.PensionerDetailMicroserviceApplication : Starting PensionerDetailMicroserviceApplication using Java 17.0.2 on DESKTOP-IEDHDED with PID 8464 (C:\PROJECT_FSE\pensioner-detail-microservice\target\classes started by USER in C:\PROJECT_FSE\pensioner-detail-microservice)
2022-07-26 08:57:54.342  INFO [PensionerDetailService,,] 8464 --- [restartedMain] p.PensionerDetailMicroserviceApplication : No active profile set, falling back to 1 default profile: "default"
2022-07-26 08:57:54.782  INFO [PensionerDetailService,,] 8464 --- [restartedMain] .e.DevToolsPropertyDefaultsPostProcessor : Devtools property defaults active! Set 'spring.devtools.add-properties' to 'false' to disable
2022-07-26 08:57:54.786  INFO [PensionerDetailService,,] 8464 --- [restartedMain] .e.DevToolsPropertyDefaultsPostProcessor : For additional web related logging consider setting the 'logging.level.web' property to 'DEBUG'
2022-07-26 08:58:06.760  INFO [PensionerDetailService,,] 8464 --- [restartedMain] .s.d.r.c.RepositoryConfigurationDelegate : Bootstrapping Spring Data JPA repositories in DEFAULT mode.
2022-07-26 08:58:08.066  INFO [PensionerDetailService,,] 8464 --- [restartedMain] .s.d.r.c.RepositoryConfigurationDelegate : Finished Spring Data repository scanning in 1095 ms. Found 1 JPA repository interfaces.
2022-07-26 08:58:11.700  INFO [PensionerDetailService,,] 8464 --- [restartedMain] o.s.cloud.context.scope.GenericScope     : BeanFactory id=5982e203-0e7d-30bb-b25f-50d7287fe144
2022-07-26 08:58:20.832  INFO [PensionerDetailService,,] 8464 --- [restartedMain] o.s.b.w.embedded.tomcat.TomcatWebServer  : Tomcat initialized with port(s): 9100 (http)
2022-07-26 08:58:20.873  INFO [PensionerDetailService,,] 8464 --- [restartedMain] o.apache.catalina.core.StandardService   : Starting service [Tomcat]
2022-07-26 08:58:20.875  INFO [PensionerDetailService,,] 8464 --- [restartedMain] org.apache.catalina.core.StandardEngine  : Starting Servlet engine: [Apache Tomcat/9.0.63]
2022-07-26 08:58:21.786  INFO [PensionerDetailService,,] 8464 --- [restartedMain] o.a.c.c.C.[Tomcat].[localhost].[/]       : Initializing Spring embedded WebApplicationContext
2022-07-26 08:58:21.788  INFO [PensionerDetailService,,] 8464 --- [restartedMain] w.s.c.ServletWebServerApplicationContext : Root WebApplicationContext: initialization completed in 26996 ms
2022-07-26 08:58:22.366  INFO [PensionerDetailService,,] 8464 --- [restartedMain] com.zaxxer.hikari.HikariDataSource       : HikariPool-1 - Starting...
2022-07-26 08:58:23.930  INFO [PensionerDetailService,,] 8464 --- [restartedMain] com.zaxxer.hikari.HikariDataSource       : HikariPool-1 - Start completed.
2022-07-26 08:58:24.265  INFO [PensionerDetailService,,] 8464 --- [restartedMain] o.s.b.a.h2.H2ConsoleAutoConfiguration    : H2 console available at '/h2-console'. Database available at 'jdbc:h2:mem:testDB'
2022-07-26 08:58:27.910  INFO [PensionerDetailService,,] 8464 --- [restartedMain] o.hibernate.jpa.internal.util.LogHelper  : HHH000204: Processing PersistenceUnitInfo [name: default]
2022-07-26 08:58:28.580  INFO [PensionerDetailService,,] 8464 --- [restartedMain] org.hibernate.Version                    : HHH000412: Hibernate ORM core version 5.6.9.Final
2022-07-26 08:58:30.053  INFO [PensionerDetailService,,] 8464 --- [restartedMain] o.hibernate.annotations.common.Version   : HCANN000001: Hibernate Commons Annotations {5.1.2.Final}
2022-07-26 08:58:31.066  INFO [PensionerDetailService,,] 8464 --- [restartedMain] org.hibernate.dialect.Dialect            : HHH000400: Using dialect: org.hibernate.dialect.H2Dialect
2022-07-26 08:58:38.265  INFO [PensionerDetailService,,] 8464 --- [restartedMain] o.h.e.t.j.p.i.JtaPlatformInitiator       : HHH000490: Using JtaPlatform implementation: [org.hibernate.engine.transaction.jta.platform.internal.NoJtaPlatform]
2022-07-26 08:58:38.349  INFO [PensionerDetailService,,] 8464 --- [restartedMain] j.LocalContainerEntityManagerFactoryBean : Initialized JPA EntityManagerFactory for persistence unit 'default'
2022-07-26 08:58:39.799  WARN [PensionerDetailService,,] 8464 --- [restartedMain] JpaBaseConfiguration$JpaWebConfiguration : spring.jpa.open-in-view is enabled by default. Therefore, database queries may be performed during view rendering. Explicitly configure spring.jpa.open-in-view to disable this warning
2022-07-26 08:58:40.525  WARN [PensionerDetailService,,] 8464 --- [restartedMain] o.s.b.d.a.OptionalLiveReloadServer       : Unable to start LiveReload server
2022-07-26 08:58:43.568  INFO [PensionerDetailService,,] 8464 --- [restartedMain] c.c.p.s.PensionerDetailServiceImpl       : STARTED - savePensionerData
2022-07-26 08:58:44.806  INFO [PensionerDetailService,,] 8464 --- [restartedMain] c.c.p.s.PensionerDetailServiceImpl       : END - savePensionerData
2022-07-26 08:58:55.346  INFO [PensionerDetailService,,] 8464 --- [restartedMain] o.s.b.w.embedded.tomcat.TomcatWebServer  : Tomcat started on port(s): 9100 (http) with context path ''
2022-07-26 08:58:55.772  INFO [PensionerDetailService,,] 8464 --- [restartedMain] d.s.w.p.DocumentationPluginsBootstrapper : Context refreshed
2022-07-26 08:58:55.812  INFO [PensionerDetailService,,] 8464 --- [restartedMain] d.s.w.p.DocumentationPluginsBootstrapper : Found 1 custom documentation plugin(s)
2022-07-26 08:58:55.830  INFO [PensionerDetailService,,] 8464 --- [restartedMain] s.d.s.w.s.ApiListingReferenceScanner     : Scanning for api listing references
2022-07-26 08:58:56.072  INFO [PensionerDetailService,,] 8464 --- [restartedMain] p.PensionerDetailMicroserviceApplication : Started PensionerDetailMicroserviceApplication in 71.027 seconds (JVM running for 94.254)
2022-07-26 08:59:58.381  INFO [PensionerDetailService,6a9c879fc558dc0d,6475aae43dcdd1cf] 8464 --- [http-nio-9100-exec-1] o.a.c.c.C.[Tomcat].[localhost].[/]       : Initializing Spring DispatcherServlet 'dispatcherServlet'
2022-07-26 08:59:58.382  INFO [PensionerDetailService,6a9c879fc558dc0d,6475aae43dcdd1cf] 8464 --- [http-nio-9100-exec-1] o.s.web.servlet.DispatcherServlet        : Initializing Servlet 'dispatcherServlet'
2022-07-26 08:59:58.384  INFO [PensionerDetailService,6a9c879fc558dc0d,6475aae43dcdd1cf] 8464 --- [http-nio-9100-exec-1] o.s.web.servlet.DispatcherServlet        : Completed initialization in 2 ms
2022-07-26 08:59:58.437  INFO [PensionerDetailService,6a9c879fc558dc0d,6475aae43dcdd1cf] 8464 --- [http-nio-9100-exec-1] c.c.p.c.PensionerDetailController        : allDetails has started
2022-07-26 08:59:58.437  INFO [PensionerDetailService,6a9c879fc558dc0d,6475aae43dcdd1cf] 8464 --- [http-nio-9100-exec-1] c.c.p.c.PensionerDetailController        : allDetails has ended
2022-07-26 09:00:04.840  INFO [PensionerDetailService,71e055f46cb0fda2,9646978b2a9eb5f4] 8464 --- [http-nio-9100-exec-2] c.c.p.c.PensionerDetailController        : getPensionerDetail has ended
2022-07-26 09:00:09.190  INFO [PensionerDetailService,728fe54857ed3b04,54d1fa86993381f8] 8464 --- [http-nio-9100-exec-3] c.c.p.c.PensionerDetailController        : getPensionerDetail has ended
2022-07-26 09:00:34.012  INFO [PensionerDetailService,7c536286937e2a03,6b6d3885fb9c21a0] 8464 --- [http-nio-9100-exec-5] c.c.p.c.PensionerDetailController        : getPensionerDetail has ended
2022-07-26 09:00:34.055  INFO [PensionerDetailService,49140783c1f083f9,441eddefa64ac05c] 8464 --- [http-nio-9100-exec-4] c.c.p.c.PensionerDetailController        : getPensionerDetail has ended
2022-07-26 09:00:41.022  INFO [PensionerDetailService,c617e7bc98697f41,7ed68616ca3e3099] 8464 --- [http-nio-9100-exec-6] c.c.p.c.PensionerDetailController        : getPensionerDetail has ended
2022-07-26 09:00:48.453  INFO [PensionerDetailService,4ef9158fd76adb4f,59638c8320e9101f] 8464 --- [http-nio-9100-exec-7] c.c.p.c.PensionerDetailController        : getPensionerDetail has ended
2022-07-26 09:00:54.849  INFO [PensionerDetailService,61a452f669472728,a7e0b707c0b91137] 8464 --- [http-nio-9100-exec-8] c.c.p.c.PensionerDetailController        : getPensionerDetail has ended
2022-07-26 09:06:28.134  INFO [PensionerDetailService,,] 11740 --- [main] c.c.p.c.t.pensionerDetailControllerTest  : Starting pensionerDetailControllerTest using Java 17.0.2 on DESKTOP-IEDHDED with PID 11740 (started by USER in C:\PROJECT_FSE\pensioner-detail-microservice)
2022-07-26 09:06:28.141  INFO [PensionerDetailService,,] 11740 --- [main] c.c.p.c.t.pensionerDetailControllerTest  : No active profile set, falling back to 1 default profile: "default"
2022-07-26 09:06:31.018  INFO [PensionerDetailService,,] 11740 --- [main] .s.d.r.c.RepositoryConfigurationDelegate : Bootstrapping Spring Data JPA repositories in DEFAULT mode.
2022-07-26 09:06:31.249  INFO [PensionerDetailService,,] 11740 --- [main] .s.d.r.c.RepositoryConfigurationDelegate : Finished Spring Data repository scanning in 206 ms. Found 1 JPA repository interfaces.
2022-07-26 09:06:32.273  INFO [PensionerDetailService,,] 11740 --- [main] o.s.cloud.context.scope.GenericScope     : BeanFactory id=7d24b3c9-cba6-3267-9382-543d4f548869
2022-07-26 09:06:34.482  INFO [PensionerDetailService,,] 11740 --- [main] o.hibernate.jpa.internal.util.LogHelper  : HHH000204: Processing PersistenceUnitInfo [name: default]
2022-07-26 09:06:34.669  INFO [PensionerDetailService,,] 11740 --- [main] org.hibernate.Version                    : HHH000412: Hibernate ORM core version 5.6.9.Final
2022-07-26 09:06:35.214  INFO [PensionerDetailService,,] 11740 --- [main] o.hibernate.annotations.common.Version   : HCANN000001: Hibernate Commons Annotations {5.1.2.Final}
2022-07-26 09:06:35.827  INFO [PensionerDetailService,,] 11740 --- [main] com.zaxxer.hikari.HikariDataSource       : HikariPool-1 - Starting...
2022-07-26 09:06:36.715  INFO [PensionerDetailService,,] 11740 --- [main] com.zaxxer.hikari.HikariDataSource       : HikariPool-1 - Start completed.
2022-07-26 09:06:36.863  INFO [PensionerDetailService,,] 11740 --- [main] org.hibernate.dialect.Dialect            : HHH000400: Using dialect: org.hibernate.dialect.H2Dialect
2022-07-26 09:06:39.041  INFO [PensionerDetailService,,] 11740 --- [main] o.h.e.t.j.p.i.JtaPlatformInitiator       : HHH000490: Using JtaPlatform implementation: [org.hibernate.engine.transaction.jta.platform.internal.NoJtaPlatform]
2022-07-26 09:06:39.066  INFO [PensionerDetailService,,] 11740 --- [main] j.LocalContainerEntityManagerFactoryBean : Initialized JPA EntityManagerFactory for persistence unit 'default'
2022-07-26 09:06:39.524  WARN [PensionerDetailService,,] 11740 --- [main] JpaBaseConfiguration$JpaWebConfiguration : spring.jpa.open-in-view is enabled by default. Therefore, database queries may be performed during view rendering. Explicitly configure spring.jpa.open-in-view to disable this warning
2022-07-26 09:06:39.878  INFO [PensionerDetailService,,] 11740 --- [main] o.s.b.a.h2.H2ConsoleAutoConfiguration    : H2 console available at '/h2-console'. Database available at 'jdbc:h2:mem:testDB'
2022-07-26 09:06:41.271  INFO [PensionerDetailService,,] 11740 --- [main] c.c.p.s.PensionerDetailServiceImpl       : STARTED - savePensionerData
2022-07-26 09:06:41.678  INFO [PensionerDetailService,,] 11740 --- [main] c.c.p.s.PensionerDetailServiceImpl       : END - savePensionerData
2022-07-26 09:06:45.214  INFO [PensionerDetailService,,] 11740 --- [main] o.s.b.t.m.w.SpringBootMockServletContext : Initializing Spring TestDispatcherServlet ''
2022-07-26 09:06:45.215  INFO [PensionerDetailService,,] 11740 --- [main] o.s.t.web.servlet.TestDispatcherServlet  : Initializing Servlet ''
2022-07-26 09:06:45.218  INFO [PensionerDetailService,,] 11740 --- [main] o.s.t.web.servlet.TestDispatcherServlet  : Completed initialization in 3 ms
2022-07-26 09:06:46.595  INFO [PensionerDetailService,,] 11740 --- [main] d.s.w.p.DocumentationPluginsBootstrapper : Context refreshed
2022-07-26 09:06:46.646  INFO [PensionerDetailService,,] 11740 --- [main] d.s.w.p.DocumentationPluginsBootstrapper : Found 1 custom documentation plugin(s)
2022-07-26 09:06:46.677  INFO [PensionerDetailService,,] 11740 --- [main] s.d.s.w.s.ApiListingReferenceScanner     : Scanning for api listing references
2022-07-26 09:06:47.087  INFO [PensionerDetailService,,] 11740 --- [main] c.c.p.c.t.pensionerDetailControllerTest  : Started pensionerDetailControllerTest in 20.709 seconds (JVM running for 24.745)
2022-07-26 09:06:47.771  INFO [PensionerDetailService,73cd67fe7494c316,73cd67fe7494c316] 11740 --- [main] c.c.p.c.PensionerDetailController        : allDetails has started
2022-07-26 09:06:47.772  INFO [PensionerDetailService,73cd67fe7494c316,73cd67fe7494c316] 11740 --- [main] c.c.p.c.PensionerDetailController        : allDetails has ended
2022-07-26 09:06:48.290  INFO [PensionerDetailService,,] 11740 --- [main] .b.t.c.SpringBootTestContextBootstrapper : Neither @ContextConfiguration nor @ContextHierarchy found for test class [com.cognizant.pensionerdetailmicroservice.entity.test.EntityTest], using SpringBootContextLoader
2022-07-26 09:06:48.292  INFO [PensionerDetailService,,] 11740 --- [main] o.s.t.c.support.AbstractContextLoader    : Could not detect default resource locations for test class [com.cognizant.pensionerdetailmicroservice.entity.test.EntityTest]: no resource found for suffixes {-context.xml, Context.groovy}.
2022-07-26 09:06:48.293  INFO [PensionerDetailService,,] 11740 --- [main] t.c.s.AnnotationConfigContextLoaderUtils : Could not detect default configuration classes for test class [com.cognizant.pensionerdetailmicroservice.entity.test.EntityTest]: EntityTest does not declare any static, non-private, non-final, nested classes annotated with @Configuration.
2022-07-26 09:06:48.326  INFO [PensionerDetailService,,] 11740 --- [main] .b.t.c.SpringBootTestContextBootstrapper : Found @SpringBootConfiguration com.cognizant.pensionerdetailmicroservice.PensionerDetailMicroserviceApplication for test class com.cognizant.pensionerdetailmicroservice.entity.test.EntityTest
2022-07-26 09:06:48.335  INFO [PensionerDetailService,,] 11740 --- [main] .b.t.c.SpringBootTestContextBootstrapper : Loaded default TestExecutionListener class names from location [META-INF/spring.factories]: [org.springframework.boot.test.mock.mockito.MockitoTestExecutionListener, org.springframework.boot.test.mock.mockito.ResetMocksTestExecutionListener, org.springframework.boot.test.autoconfigure.restdocs.RestDocsTestExecutionListener, org.springframework.boot.test.autoconfigure.web.client.MockRestServiceServerResetTestExecutionListener, org.springframework.boot.test.autoconfigure.web.servlet.MockMvcPrintOnlyOnFailureTestExecutionListener, org.springframework.boot.test.autoconfigure.web.servlet.WebDriverTestExecutionListener, org.springframework.boot.test.autoconfigure.webservices.client.MockWebServiceServerTestExecutionListener, org.springframework.test.context.web.ServletTestExecutionListener, org.springframework.test.context.support.DirtiesContextBeforeModesTestExecutionListener, org.springframework.test.context.event.ApplicationEventsTestExecutionListener, org.springframework.test.context.support.DependencyInjectionTestExecutionListener, org.springframework.test.context.support.DirtiesContextTestExecutionListener, org.springframework.test.context.transaction.TransactionalTestExecutionListener, org.springframework.test.context.jdbc.SqlScriptsTestExecutionListener, org.springframework.test.context.event.EventPublishingTestExecutionListener]
2022-07-26 09:06:48.337  INFO [PensionerDetailService,,] 11740 --- [main] .b.t.c.SpringBootTestContextBootstrapper : Using TestExecutionListeners: [org.springframework.test.context.web.ServletTestExecutionListener@29ef9afd, org.springframework.test.context.support.DirtiesContextBeforeModesTestExecutionListener@3959b027, org.springframework.test.context.event.ApplicationEventsTestExecutionListener@275715e0, org.springframework.boot.test.mock.mockito.MockitoTestExecutionListener@7ce46a58, org.springframework.boot.test.autoconfigure.SpringBootDependencyInjectionTestExecutionListener@29092f4b, org.springframework.test.context.support.DirtiesContextTestExecutionListener@5d256ac5, org.springframework.test.context.transaction.TransactionalTestExecutionListener@42428c94, org.springframework.test.context.jdbc.SqlScriptsTestExecutionListener@1dab882e, org.springframework.test.context.event.EventPublishingTestExecutionListener@7d389fa7, org.springframework.boot.test.mock.mockito.ResetMocksTestExecutionListener@b3da187, org.springframework.boot.test.autoconfigure.restdocs.RestDocsTestExecutionListener@5dcdaa58, org.springframework.boot.test.autoconfigure.web.client.MockRestServiceServerResetTestExecutionListener@1ce6a337, org.springframework.boot.test.autoconfigure.web.servlet.MockMvcPrintOnlyOnFailureTestExecutionListener@259ac2ab, org.springframework.boot.test.autoconfigure.web.servlet.WebDriverTestExecutionListener@434d7e06, org.springframework.boot.test.autoconfigure.webservices.client.MockWebServiceServerTestExecutionListener@7362835d]
2022-07-26 09:06:48.779  INFO [PensionerDetailService,,] 11740 --- [main] c.c.p.entity.test.EntityTest             : Starting EntityTest using Java 17.0.2 on DESKTOP-IEDHDED with PID 11740 (started by USER in C:\PROJECT_FSE\pensioner-detail-microservice)
2022-07-26 09:06:48.780  INFO [PensionerDetailService,,] 11740 --- [main] c.c.p.entity.test.EntityTest             : No active profile set, falling back to 1 default profile: "default"
2022-07-26 09:06:49.333  INFO [PensionerDetailService,,] 11740 --- [main] .s.d.r.c.RepositoryConfigurationDelegate : Bootstrapping Spring Data JPA repositories in DEFAULT mode.
2022-07-26 09:06:49.354  INFO [PensionerDetailService,,] 11740 --- [main] .s.d.r.c.RepositoryConfigurationDelegate : Finished Spring Data repository scanning in 20 ms. Found 1 JPA repository interfaces.
2022-07-26 09:06:49.488  INFO [PensionerDetailService,,] 11740 --- [main] o.s.cloud.context.scope.GenericScope     : BeanFactory id=d29b4ab8-f670-3da9-8b7d-21bb15261702
2022-07-26 09:06:49.860  INFO [PensionerDetailService,,] 11740 --- [main] o.hibernate.jpa.internal.util.LogHelper  : HHH000204: Processing PersistenceUnitInfo [name: default]
2022-07-26 09:06:49.875  INFO [PensionerDetailService,,] 11740 --- [main] com.zaxxer.hikari.HikariDataSource       : HikariPool-2 - Starting...
2022-07-26 09:06:49.877  INFO [PensionerDetailService,,] 11740 --- [main] com.zaxxer.hikari.HikariDataSource       : HikariPool-2 - Start completed.
2022-07-26 09:06:49.878  INFO [PensionerDetailService,,] 11740 --- [main] org.hibernate.dialect.Dialect            : HHH000400: Using dialect: org.hibernate.dialect.H2Dialect
2022-07-26 09:06:49.954  INFO [PensionerDetailService,,] 11740 --- [main] o.h.e.t.j.p.i.JtaPlatformInitiator       : HHH000490: Using JtaPlatform implementation: [org.hibernate.engine.transaction.jta.platform.internal.NoJtaPlatform]
2022-07-26 09:06:49.955  INFO [PensionerDetailService,,] 11740 --- [main] j.LocalContainerEntityManagerFactoryBean : Initialized JPA EntityManagerFactory for persistence unit 'default'
2022-07-26 09:06:50.111  WARN [PensionerDetailService,,] 11740 --- [main] JpaBaseConfiguration$JpaWebConfiguration : spring.jpa.open-in-view is enabled by default. Therefore, database queries may be performed during view rendering. Explicitly configure spring.jpa.open-in-view to disable this warning
2022-07-26 09:06:50.233  INFO [PensionerDetailService,,] 11740 --- [main] o.s.b.a.h2.H2ConsoleAutoConfiguration    : H2 console available at '/h2-console'. Database available at 'jdbc:h2:mem:testDB'
2022-07-26 09:06:50.493  INFO [PensionerDetailService,,] 11740 --- [main] c.c.p.s.PensionerDetailServiceImpl       : STARTED - savePensionerData
2022-07-26 09:06:50.587  INFO [PensionerDetailService,,] 11740 --- [main] c.c.p.s.PensionerDetailServiceImpl       : END - savePensionerData
2022-07-26 09:06:53.115  INFO [PensionerDetailService,,] 11740 --- [main] d.s.w.p.DocumentationPluginsBootstrapper : Context refreshed
2022-07-26 09:06:53.116  INFO [PensionerDetailService,,] 11740 --- [main] d.s.w.p.DocumentationPluginsBootstrapper : Found 1 custom documentation plugin(s)
2022-07-26 09:06:53.121  INFO [PensionerDetailService,,] 11740 --- [main] s.d.s.w.s.ApiListingReferenceScanner     : Scanning for api listing references
2022-07-26 09:06:53.159  INFO [PensionerDetailService,,] 11740 --- [main] c.c.p.entity.test.EntityTest             : Started EntityTest in 4.815 seconds (JVM running for 30.817)
2022-07-26 09:06:53.369  INFO [PensionerDetailService,,] 11740 --- [main] .b.t.c.SpringBootTestContextBootstrapper : Neither @ContextConfiguration nor @ContextHierarchy found for test class [com.cognizant.pensionerdetailmicroservice.exception.test.ResourceNotFoundExceptionTest], using SpringBootContextLoader
2022-07-26 09:06:53.371  INFO [PensionerDetailService,,] 11740 --- [main] o.s.t.c.support.AbstractContextLoader    : Could not detect default resource locations for test class [com.cognizant.pensionerdetailmicroservice.exception.test.ResourceNotFoundExceptionTest]: no resource found for suffixes {-context.xml, Context.groovy}.
2022-07-26 09:06:53.371  INFO [PensionerDetailService,,] 11740 --- [main] t.c.s.AnnotationConfigContextLoaderUtils : Could not detect default configuration classes for test class [com.cognizant.pensionerdetailmicroservice.exception.test.ResourceNotFoundExceptionTest]: ResourceNotFoundExceptionTest does not declare any static, non-private, non-final, nested classes annotated with @Configuration.
2022-07-26 09:06:53.385  INFO [PensionerDetailService,,] 11740 --- [main] .b.t.c.SpringBootTestContextBootstrapper : Found @SpringBootConfiguration com.cognizant.pensionerdetailmicroservice.PensionerDetailMicroserviceApplication for test class com.cognizant.pensionerdetailmicroservice.exception.test.ResourceNotFoundExceptionTest
2022-07-26 09:06:53.388  INFO [PensionerDetailService,,] 11740 --- [main] .b.t.c.SpringBootTestContextBootstrapper : Loaded default TestExecutionListener class names from location [META-INF/spring.factories]: [org.springframework.boot.test.mock.mockito.MockitoTestExecutionListener, org.springframework.boot.test.mock.mockito.ResetMocksTestExecutionListener, org.springframework.boot.test.autoconfigure.restdocs.RestDocsTestExecutionListener, org.springframework.boot.test.autoconfigure.web.client.MockRestServiceServerResetTestExecutionListener, org.springframework.boot.test.autoconfigure.web.servlet.MockMvcPrintOnlyOnFailureTestExecutionListener, org.springframework.boot.test.autoconfigure.web.servlet.WebDriverTestExecutionListener, org.springframework.boot.test.autoconfigure.webservices.client.MockWebServiceServerTestExecutionListener, org.springframework.test.context.web.ServletTestExecutionListener, org.springframework.test.context.support.DirtiesContextBeforeModesTestExecutionListener, org.springframework.test.context.event.ApplicationEventsTestExecutionListener, org.springframework.test.context.support.DependencyInjectionTestExecutionListener, org.springframework.test.context.support.DirtiesContextTestExecutionListener, org.springframework.test.context.transaction.TransactionalTestExecutionListener, org.springframework.test.context.jdbc.SqlScriptsTestExecutionListener, org.springframework.test.context.event.EventPublishingTestExecutionListener]
2022-07-26 09:06:53.389  INFO [PensionerDetailService,,] 11740 --- [main] .b.t.c.SpringBootTestContextBootstrapper : Using TestExecutionListeners: [org.springframework.test.context.web.ServletTestExecutionListener@305a1158, org.springframework.test.context.support.DirtiesContextBeforeModesTestExecutionListener@4e9bbbfc, org.springframework.test.context.event.ApplicationEventsTestExecutionListener@2ae19c39, org.springframework.boot.test.mock.mockito.MockitoTestExecutionListener@570ed60f, org.springframework.boot.test.autoconfigure.SpringBootDependencyInjectionTestExecutionListener@37becd67, org.springframework.test.context.support.DirtiesContextTestExecutionListener@2469c437, org.springframework.test.context.transaction.TransactionalTestExecutionListener@24f94d7, org.springframework.test.context.jdbc.SqlScriptsTestExecutionListener@2350843f, org.springframework.test.context.event.EventPublishingTestExecutionListener@62c4b0c7, org.springframework.boot.test.mock.mockito.ResetMocksTestExecutionListener@8e698d4, org.springframework.boot.test.autoconfigure.restdocs.RestDocsTestExecutionListener@76714c33, org.springframework.boot.test.autoconfigure.web.client.MockRestServiceServerResetTestExecutionListener@51275fbe, org.springframework.boot.test.autoconfigure.web.servlet.MockMvcPrintOnlyOnFailureTestExecutionListener@16a28fd5, org.springframework.boot.test.autoconfigure.web.servlet.WebDriverTestExecutionListener@2a3e95ed, org.springframework.boot.test.autoconfigure.webservices.client.MockWebServiceServerTestExecutionListener@5652444d]
2022-07-26 09:06:53.405  INFO [PensionerDetailService,,] 11740 --- [main] .b.t.c.SpringBootTestContextBootstrapper : Neither @ContextConfiguration nor @ContextHierarchy found for test class [com.cognizant.pensionerdetailmicroservice.PensionerDetailMicroserviceApplicationTests], using SpringBootContextLoader
2022-07-26 09:06:53.410  INFO [PensionerDetailService,,] 11740 --- [main] o.s.t.c.support.AbstractContextLoader    : Could not detect default resource locations for test class [com.cognizant.pensionerdetailmicroservice.PensionerDetailMicroserviceApplicationTests]: no resource found for suffixes {-context.xml, Context.groovy}.
2022-07-26 09:06:53.411  INFO [PensionerDetailService,,] 11740 --- [main] t.c.s.AnnotationConfigContextLoaderUtils : Could not detect default configuration classes for test class [com.cognizant.pensionerdetailmicroservice.PensionerDetailMicroserviceApplicationTests]: PensionerDetailMicroserviceApplicationTests does not declare any static, non-private, non-final, nested classes annotated with @Configuration.
2022-07-26 09:06:53.417  INFO [PensionerDetailService,,] 11740 --- [main] .b.t.c.SpringBootTestContextBootstrapper : Found @SpringBootConfiguration com.cognizant.pensionerdetailmicroservice.PensionerDetailMicroserviceApplication for test class com.cognizant.pensionerdetailmicroservice.PensionerDetailMicroserviceApplicationTests
2022-07-26 09:06:53.419  INFO [PensionerDetailService,,] 11740 --- [main] .b.t.c.SpringBootTestContextBootstrapper : Loaded default TestExecutionListener class names from location [META-INF/spring.factories]: [org.springframework.boot.test.mock.mockito.MockitoTestExecutionListener, org.springframework.boot.test.mock.mockito.ResetMocksTestExecutionListener, org.springframework.boot.test.autoconfigure.restdocs.RestDocsTestExecutionListener, org.springframework.boot.test.autoconfigure.web.client.MockRestServiceServerResetTestExecutionListener, org.springframework.boot.test.autoconfigure.web.servlet.MockMvcPrintOnlyOnFailureTestExecutionListener, org.springframework.boot.test.autoconfigure.web.servlet.WebDriverTestExecutionListener, org.springframework.boot.test.autoconfigure.webservices.client.MockWebServiceServerTestExecutionListener, org.springframework.test.context.web.ServletTestExecutionListener, org.springframework.test.context.support.DirtiesContextBeforeModesTestExecutionListener, org.springframework.test.context.event.ApplicationEventsTestExecutionListener, org.springframework.test.context.support.DependencyInjectionTestExecutionListener, org.springframework.test.context.support.DirtiesContextTestExecutionListener, org.springframework.test.context.transaction.TransactionalTestExecutionListener, org.springframework.test.context.jdbc.SqlScriptsTestExecutionListener, org.springframework.test.context.event.EventPublishingTestExecutionListener]
2022-07-26 09:06:53.420  INFO [PensionerDetailService,,] 11740 --- [main] .b.t.c.SpringBootTestContextBootstrapper : Using TestExecutionListeners: [org.springframework.test.context.web.ServletTestExecutionListener@3d632b96, org.springframework.test.context.support.DirtiesContextBeforeModesTestExecutionListener@3fbdd7c8, org.springframework.test.context.event.ApplicationEventsTestExecutionListener@6172bc2f, org.springframework.boot.test.mock.mockito.MockitoTestExecutionListener@2546ec60, org.springframework.boot.test.autoconfigure.SpringBootDependencyInjectionTestExecutionListener@15d4cc5, org.springframework.test.context.support.DirtiesContextTestExecutionListener@508fd8b1, org.springframework.test.context.transaction.TransactionalTestExecutionListener@24e8954b, org.springframework.test.context.jdbc.SqlScriptsTestExecutionListener@36df585a, org.springframework.test.context.event.EventPublishingTestExecutionListener@5d0f0120, org.springframework.boot.test.mock.mockito.ResetMocksTestExecutionListener@73eb0060, org.springframework.boot.test.autoconfigure.restdocs.RestDocsTestExecutionListener@13c9819b, org.springframework.boot.test.autoconfigure.web.client.MockRestServiceServerResetTestExecutionListener@5f181630, org.springframework.boot.test.autoconfigure.web.servlet.MockMvcPrintOnlyOnFailureTestExecutionListener@7abb0af2, org.springframework.boot.test.autoconfigure.web.servlet.WebDriverTestExecutionListener@5178edc5, org.springframework.boot.test.autoconfigure.webservices.client.MockWebServiceServerTestExecutionListener@ee27b28]
2022-07-26 09:06:53.809  INFO [PensionerDetailService,,] 11740 --- [main] p.PensionerDetailMicroserviceApplication : Starting PensionerDetailMicroserviceApplication using Java 17.0.2 on DESKTOP-IEDHDED with PID 11740 (started by USER in C:\PROJECT_FSE\pensioner-detail-microservice)
2022-07-26 09:06:53.810  INFO [PensionerDetailService,,] 11740 --- [main] p.PensionerDetailMicroserviceApplication : No active profile set, falling back to 1 default profile: "default"
2022-07-26 09:06:54.396  INFO [PensionerDetailService,,] 11740 --- [main] .s.d.r.c.RepositoryConfigurationDelegate : Bootstrapping Spring Data JPA repositories in DEFAULT mode.
2022-07-26 09:06:54.417  INFO [PensionerDetailService,,] 11740 --- [main] .s.d.r.c.RepositoryConfigurationDelegate : Finished Spring Data repository scanning in 20 ms. Found 1 JPA repository interfaces.
2022-07-26 09:06:54.526  INFO [PensionerDetailService,,] 11740 --- [main] o.s.cloud.context.scope.GenericScope     : BeanFactory id=858294bc-c56c-313b-8b61-9e0d10686f9f
2022-07-26 09:06:55.006  INFO [PensionerDetailService,,] 11740 --- [main] o.s.b.w.embedded.tomcat.TomcatWebServer  : Tomcat initialized with port(s): 9100 (http)
2022-07-26 09:06:55.034  INFO [PensionerDetailService,,] 11740 --- [main] o.apache.catalina.core.StandardService   : Starting service [Tomcat]
2022-07-26 09:06:55.035  INFO [PensionerDetailService,,] 11740 --- [main] org.apache.catalina.core.StandardEngine  : Starting Servlet engine: [Apache Tomcat/9.0.63]
2022-07-26 09:06:55.448  INFO [PensionerDetailService,,] 11740 --- [main] o.a.c.c.C.[Tomcat].[localhost].[/]       : Initializing Spring embedded WebApplicationContext
2022-07-26 09:06:55.449  INFO [PensionerDetailService,,] 11740 --- [main] w.s.c.ServletWebServerApplicationContext : Root WebApplicationContext: initialization completed in 1632 ms
2022-07-26 09:06:55.528  INFO [PensionerDetailService,,] 11740 --- [main] com.zaxxer.hikari.HikariDataSource       : HikariPool-3 - Starting...
2022-07-26 09:06:55.530  INFO [PensionerDetailService,,] 11740 --- [main] com.zaxxer.hikari.HikariDataSource       : HikariPool-3 - Start completed.
2022-07-26 09:06:55.531  INFO [PensionerDetailService,,] 11740 --- [main] o.s.b.a.h2.H2ConsoleAutoConfiguration    : H2 console available at '/h2-console'. Database available at 'jdbc:h2:mem:testDB'
2022-07-26 09:06:56.013  INFO [PensionerDetailService,,] 11740 --- [main] o.hibernate.jpa.internal.util.LogHelper  : HHH000204: Processing PersistenceUnitInfo [name: default]
2022-07-26 09:06:56.022  INFO [PensionerDetailService,,] 11740 --- [main] org.hibernate.dialect.Dialect            : HHH000400: Using dialect: org.hibernate.dialect.H2Dialect
2022-07-26 09:06:56.067  INFO [PensionerDetailService,,] 11740 --- [main] o.h.e.t.j.p.i.JtaPlatformInitiator       : HHH000490: Using JtaPlatform implementation: [org.hibernate.engine.transaction.jta.platform.internal.NoJtaPlatform]
2022-07-26 09:06:56.068  INFO [PensionerDetailService,,] 11740 --- [main] j.LocalContainerEntityManagerFactoryBean : Initialized JPA EntityManagerFactory for persistence unit 'default'
2022-07-26 09:06:56.183  WARN [PensionerDetailService,,] 11740 --- [main] JpaBaseConfiguration$JpaWebConfiguration : spring.jpa.open-in-view is enabled by default. Therefore, database queries may be performed during view rendering. Explicitly configure spring.jpa.open-in-view to disable this warning
2022-07-26 09:06:56.387  INFO [PensionerDetailService,,] 11740 --- [main] c.c.p.s.PensionerDetailServiceImpl       : STARTED - savePensionerData
2022-07-26 09:06:56.428  INFO [PensionerDetailService,,] 11740 --- [main] c.c.p.s.PensionerDetailServiceImpl       : END - savePensionerData
2022-07-26 09:06:57.838  INFO [PensionerDetailService,,] 11740 --- [main] o.s.b.w.embedded.tomcat.TomcatWebServer  : Tomcat started on port(s): 9100 (http) with context path ''
2022-07-26 09:06:58.178  INFO [PensionerDetailService,,] 11740 --- [main] d.s.w.p.DocumentationPluginsBootstrapper : Context refreshed
2022-07-26 09:06:58.179  INFO [PensionerDetailService,,] 11740 --- [main] d.s.w.p.DocumentationPluginsBootstrapper : Found 1 custom documentation plugin(s)
2022-07-26 09:06:58.185  INFO [PensionerDetailService,,] 11740 --- [main] s.d.s.w.s.ApiListingReferenceScanner     : Scanning for api listing references
2022-07-26 09:06:58.224  INFO [PensionerDetailService,,] 11740 --- [main] p.PensionerDetailMicroserviceApplication : Started PensionerDetailMicroserviceApplication in 4.796 seconds (JVM running for 35.883)
2022-07-26 09:06:58.248  INFO [PensionerDetailService,,] 11740 --- [main] .b.t.c.SpringBootTestContextBootstrapper : Neither @ContextConfiguration nor @ContextHierarchy found for test class [com.cognizant.pensionerdetailmicroservice.service.test.PensionerDetailServiceTest], using SpringBootContextLoader
2022-07-26 09:06:58.250  INFO [PensionerDetailService,,] 11740 --- [main] o.s.t.c.support.AbstractContextLoader    : Could not detect default resource locations for test class [com.cognizant.pensionerdetailmicroservice.service.test.PensionerDetailServiceTest]: no resource found for suffixes {-context.xml, Context.groovy}.
2022-07-26 09:06:58.261  INFO [PensionerDetailService,,] 11740 --- [main] .b.t.c.SpringBootTestContextBootstrapper : Loaded default TestExecutionListener class names from location [META-INF/spring.factories]: [org.springframework.boot.test.mock.mockito.MockitoTestExecutionListener, org.springframework.boot.test.mock.mockito.ResetMocksTestExecutionListener, org.springframework.boot.test.autoconfigure.restdocs.RestDocsTestExecutionListener, org.springframework.boot.test.autoconfigure.web.client.MockRestServiceServerResetTestExecutionListener, org.springframework.boot.test.autoconfigure.web.servlet.MockMvcPrintOnlyOnFailureTestExecutionListener, org.springframework.boot.test.autoconfigure.web.servlet.WebDriverTestExecutionListener, org.springframework.boot.test.autoconfigure.webservices.client.MockWebServiceServerTestExecutionListener, org.springframework.test.context.web.ServletTestExecutionListener, org.springframework.test.context.support.DirtiesContextBeforeModesTestExecutionListener, org.springframework.test.context.event.ApplicationEventsTestExecutionListener, org.springframework.test.context.support.DependencyInjectionTestExecutionListener, org.springframework.test.context.support.DirtiesContextTestExecutionListener, org.springframework.test.context.transaction.TransactionalTestExecutionListener, org.springframework.test.context.jdbc.SqlScriptsTestExecutionListener, org.springframework.test.context.event.EventPublishingTestExecutionListener]
2022-07-26 09:06:58.262  INFO [PensionerDetailService,,] 11740 --- [main] .b.t.c.SpringBootTestContextBootstrapper : Using TestExecutionListeners: [org.springframework.test.context.web.ServletTestExecutionListener@248baee0, org.springframework.test.context.support.DirtiesContextBeforeModesTestExecutionListener@252e9183, org.springframework.test.context.event.ApplicationEventsTestExecutionListener@2f65720a, org.springframework.boot.test.mock.mockito.MockitoTestExecutionListener@1079c8ed, org.springframework.boot.test.autoconfigure.SpringBootDependencyInjectionTestExecutionListener@697c88ac, org.springframework.test.context.support.DirtiesContextTestExecutionListener@388fae89, org.springframework.test.context.transaction.TransactionalTestExecutionListener@3cfe7eb0, org.springframework.test.context.jdbc.SqlScriptsTestExecutionListener@629ef762, org.springframework.test.context.event.EventPublishingTestExecutionListener@6f2a3a75, org.springframework.boot.test.mock.mockito.ResetMocksTestExecutionListener@2a942aff, org.springframework.boot.test.autoconfigure.restdocs.RestDocsTestExecutionListener@65d0dae3, org.springframework.boot.test.autoconfigure.web.client.MockRestServiceServerResetTestExecutionListener@70e014dc, org.springframework.boot.test.autoconfigure.web.servlet.MockMvcPrintOnlyOnFailureTestExecutionListener@4e277127, org.springframework.boot.test.autoconfigure.web.servlet.WebDriverTestExecutionListener@456f69ce, org.springframework.boot.test.autoconfigure.webservices.client.MockWebServiceServerTestExecutionListener@268bb442]
2022-07-26 09:06:58.676  INFO [PensionerDetailService,,] 11740 --- [main] c.c.p.s.test.PensionerDetailServiceTest  : Starting PensionerDetailServiceTest using Java 17.0.2 on DESKTOP-IEDHDED with PID 11740 (started by USER in C:\PROJECT_FSE\pensioner-detail-microservice)
2022-07-26 09:06:58.676  INFO [PensionerDetailService,,] 11740 --- [main] c.c.p.s.test.PensionerDetailServiceTest  : No active profile set, falling back to 1 default profile: "default"
2022-07-26 09:06:58.752  INFO [PensionerDetailService,,] 11740 --- [main] o.s.b.t.m.w.SpringBootMockServletContext : Initializing Spring TestDispatcherServlet ''
2022-07-26 09:06:58.753  INFO [PensionerDetailService,,] 11740 --- [main] o.s.t.web.servlet.TestDispatcherServlet  : Initializing Servlet ''
2022-07-26 09:06:58.857  INFO [PensionerDetailService,,] 11740 --- [main] o.s.t.web.servlet.TestDispatcherServlet  : Completed initialization in 104 ms
2022-07-26 09:06:58.877  INFO [PensionerDetailService,,] 11740 --- [main] c.c.p.s.test.PensionerDetailServiceTest  : Started PensionerDetailServiceTest in 0.61 seconds (JVM running for 36.536)
2022-07-26 09:06:59.171  INFO [PensionerDetailService,,] 11740 --- [main] .b.t.c.SpringBootTestContextBootstrapper : Neither @ContextConfiguration nor @ContextHierarchy found for test class [com.cognizant.pensionerdetailmicroservice.swagger.test.SwaggerTest], using SpringBootContextLoader
2022-07-26 09:06:59.172  INFO [PensionerDetailService,,] 11740 --- [main] o.s.t.c.support.AbstractContextLoader    : Could not detect default resource locations for test class [com.cognizant.pensionerdetailmicroservice.swagger.test.SwaggerTest]: no resource found for suffixes {-context.xml, Context.groovy}.
2022-07-26 09:06:59.172  INFO [PensionerDetailService,,] 11740 --- [main] t.c.s.AnnotationConfigContextLoaderUtils : Could not detect default configuration classes for test class [com.cognizant.pensionerdetailmicroservice.swagger.test.SwaggerTest]: SwaggerTest does not declare any static, non-private, non-final, nested classes annotated with @Configuration.
2022-07-26 09:06:59.183  INFO [PensionerDetailService,,] 11740 --- [main] .b.t.c.SpringBootTestContextBootstrapper : Found @SpringBootConfiguration com.cognizant.pensionerdetailmicroservice.PensionerDetailMicroserviceApplication for test class com.cognizant.pensionerdetailmicroservice.swagger.test.SwaggerTest
2022-07-26 09:06:59.186  INFO [PensionerDetailService,,] 11740 --- [main] .b.t.c.SpringBootTestContextBootstrapper : Loaded default TestExecutionListener class names from location [META-INF/spring.factories]: [org.springframework.boot.test.mock.mockito.MockitoTestExecutionListener, org.springframework.boot.test.mock.mockito.ResetMocksTestExecutionListener, org.springframework.boot.test.autoconfigure.restdocs.RestDocsTestExecutionListener, org.springframework.boot.test.autoconfigure.web.client.MockRestServiceServerResetTestExecutionListener, org.springframework.boot.test.autoconfigure.web.servlet.MockMvcPrintOnlyOnFailureTestExecutionListener, org.springframework.boot.test.autoconfigure.web.servlet.WebDriverTestExecutionListener, org.springframework.boot.test.autoconfigure.webservices.client.MockWebServiceServerTestExecutionListener, org.springframework.test.context.web.ServletTestExecutionListener, org.springframework.test.context.support.DirtiesContextBeforeModesTestExecutionListener, org.springframework.test.context.event.ApplicationEventsTestExecutionListener, org.springframework.test.context.support.DependencyInjectionTestExecutionListener, org.springframework.test.context.support.DirtiesContextTestExecutionListener, org.springframework.test.context.transaction.TransactionalTestExecutionListener, org.springframework.test.context.jdbc.SqlScriptsTestExecutionListener, org.springframework.test.context.event.EventPublishingTestExecutionListener]
2022-07-26 09:06:59.187  INFO [PensionerDetailService,,] 11740 --- [main] .b.t.c.SpringBootTestContextBootstrapper : Using TestExecutionListeners: [org.springframework.test.context.web.ServletTestExecutionListener@7ce87c9, org.springframework.test.context.support.DirtiesContextBeforeModesTestExecutionListener@5d82c9d6, org.springframework.test.context.event.ApplicationEventsTestExecutionListener@517b5459, org.springframework.boot.test.mock.mockito.MockitoTestExecutionListener@71f6166f, org.springframework.boot.test.autoconfigure.SpringBootDependencyInjectionTestExecutionListener@2f53757, org.springframework.test.context.support.DirtiesContextTestExecutionListener@497282a6, org.springframework.test.context.transaction.TransactionalTestExecutionListener@4220ce4d, org.springframework.test.context.jdbc.SqlScriptsTestExecutionListener@324fd08, org.springframework.test.context.event.EventPublishingTestExecutionListener@28c02db4, org.springframework.boot.test.mock.mockito.ResetMocksTestExecutionListener@757afdb8, org.springframework.boot.test.autoconfigure.restdocs.RestDocsTestExecutionListener@31ec17fc, org.springframework.boot.test.autoconfigure.web.client.MockRestServiceServerResetTestExecutionListener@15846074, org.springframework.boot.test.autoconfigure.web.servlet.MockMvcPrintOnlyOnFailureTestExecutionListener@3c0052fd, org.springframework.boot.test.autoconfigure.web.servlet.WebDriverTestExecutionListener@1eb5eff8, org.springframework.boot.test.autoconfigure.webservices.client.MockWebServiceServerTestExecutionListener@4fb75825]
2022-07-26 09:06:59.248  INFO [PensionerDetailService,,] 11740 --- [SpringApplicationShutdownHook] j.LocalContainerEntityManagerFactoryBean : Closing JPA EntityManagerFactory for persistence unit 'default'
2022-07-26 09:06:59.251  INFO [PensionerDetailService,,] 11740 --- [SpringApplicationShutdownHook] com.zaxxer.hikari.HikariDataSource       : HikariPool-1 - Shutdown initiated...
2022-07-26 09:06:59.258  INFO [PensionerDetailService,,] 11740 --- [SpringApplicationShutdownHook] com.zaxxer.hikari.HikariDataSource       : HikariPool-1 - Shutdown completed.
2022-07-26 09:06:59.265  INFO [PensionerDetailService,,] 11740 --- [SpringApplicationShutdownHook] j.LocalContainerEntityManagerFactoryBean : Closing JPA EntityManagerFactory for persistence unit 'default'
2022-07-26 09:06:59.266  INFO [PensionerDetailService,,] 11740 --- [SpringApplicationShutdownHook] com.zaxxer.hikari.HikariDataSource       : HikariPool-2 - Shutdown initiated...
2022-07-26 09:06:59.268  INFO [PensionerDetailService,,] 11740 --- [SpringApplicationShutdownHook] com.zaxxer.hikari.HikariDataSource       : HikariPool-2 - Shutdown completed.
2022-07-26 09:06:59.772  INFO [PensionerDetailService,,] 11740 --- [SpringApplicationShutdownHook] j.LocalContainerEntityManagerFactoryBean : Closing JPA EntityManagerFactory for persistence unit 'default'
2022-07-26 09:06:59.774  INFO [PensionerDetailService,,] 11740 --- [SpringApplicationShutdownHook] com.zaxxer.hikari.HikariDataSource       : HikariPool-3 - Shutdown initiated...
2022-07-26 09:06:59.775  INFO [PensionerDetailService,,] 11740 --- [SpringApplicationShutdownHook] com.zaxxer.hikari.HikariDataSource       : HikariPool-3 - Shutdown completed.
